{"log":"\n","stream":"stdout","time":"2021-03-04T08:22:47.802994267Z"}
{"log":"Hello from Docker!\n","stream":"stdout","time":"2021-03-04T08:22:47.803050057Z"}
{"log":"This message shows that your installation appears to be working correctly.\n","stream":"stdout","time":"2021-03-04T08:22:47.803057162Z"}
{"log":"\n","stream":"stdout","time":"2021-03-04T08:22:47.803062104Z"}
{"log":"To generate this message, Docker took the following steps:\n","stream":"stdout","time":"2021-03-04T08:22:47.803066665Z"}
{"log":" 1. The Docker client contacted the Docker daemon.\n","stream":"stdout","time":"2021-03-04T08:22:47.803071379Z"}
{"log":" 2. The Docker daemon pulled the \"hello-world\" image from the Docker Hub.\n","stream":"stdout","time":"2021-03-04T08:22:47.803076039Z"}
{"log":"    (amd64)\n","stream":"stdout","time":"2021-03-04T08:22:47.803080977Z"}
{"log":" 3. The Docker daemon created a new container from that image which runs the\n","stream":"stdout","time":"2021-03-04T08:22:47.803085524Z"}
{"log":"    executable that produces the output you are currently reading.\n","stream":"stdout","time":"2021-03-04T08:22:47.803090205Z"}
{"log":" 4. The Docker daemon streamed that output to the Docker client, which sent it\n","stream":"stdout","time":"2021-03-04T08:22:47.803094798Z"}
{"log":"    to your terminal.\n","stream":"stdout","time":"2021-03-04T08:22:47.803099546Z"}
{"log":"\n","stream":"stdout","time":"2021-03-04T08:22:47.803104105Z"}
{"log":"To try something more ambitious, you can run an Ubuntu container with:\n","stream":"stdout","time":"2021-03-04T08:22:47.803108538Z"}
{"log":" $ docker run -it ubuntu bash\n","stream":"stdout","time":"2021-03-04T08:22:47.803113165Z"}
{"log":"\n","stream":"stdout","time":"2021-03-04T08:22:47.803117775Z"}
{"log":"Share images, automate workflows, and more with a free Docker ID:\n","stream":"stdout","time":"2021-03-04T08:22:47.803122206Z"}
{"log":" https://hub.docker.com/\n","stream":"stdout","time":"2021-03-04T08:22:47.803126845Z"}
{"log":"\n","stream":"stdout","time":"2021-03-04T08:22:47.803131385Z"}
{"log":"For more examples and ideas, visit:\n","stream":"stdout","time":"2021-03-04T08:22:47.803135918Z"}
{"log":" https://docs.docker.com/get-started/\n","stream":"stdout","time":"2021-03-04T08:22:47.803140503Z"}
{"log":"\n","stream":"stdout","time":"2021-03-04T08:22:47.803145076Z"}
